0 info it worked if it ends with ok
1 verbose cli [ '/home/timothee/.nvm/versions/node/v5.0.0/bin/node',
1 verbose cli   '/home/timothee/.nvm/versions/node/v5.0.0/bin/npm',
1 verbose cli   'start' ]
2 info using npm@3.3.6
3 info using node@v5.0.0
4 verbose run-script [ 'prestart', 'start', 'poststart' ]
5 info lifecycle angular-quickstart@1.0.0~prestart: angular-quickstart@1.0.0
6 verbose lifecycle angular-quickstart@1.0.0~prestart: unsafe-perm in lifecycle true
7 verbose lifecycle angular-quickstart@1.0.0~prestart: PATH: /home/timothee/.nvm/versions/node/v5.0.0/lib/node_modules/npm/bin/node-gyp-bin:/home/timothee/COURS3TC/S2/WEB/Projet/INSAndwich-front-end/app/node_modules/.bin:/home/timothee/.nvm/versions/node/v5.0.0/bin:/home/timothee/.rvm/gems/ruby-2.1.5/bin:/home/timothee/.rvm/gems/ruby-2.1.5@global/bin:/home/timothee/.rvm/rubies/ruby-2.1.5/bin:/usr/local/sbin:/usr/local/bin:/usr/sbin:/usr/bin:/sbin:/bin:/usr/games:/usr/local/games:/home/timothee/.rvm/bin:/usr/share/rvm/bin:/home/timothee/.rvm/bin:/home/timothee/.rvm/bin
8 verbose lifecycle angular-quickstart@1.0.0~prestart: CWD: /home/timothee/COURS3TC/S2/WEB/Projet/INSAndwich-front-end/app
9 silly lifecycle angular-quickstart@1.0.0~prestart: Args: [ '-c', 'npm run build' ]
10 silly lifecycle angular-quickstart@1.0.0~prestart: Returned: code: 1  signal: null
11 info lifecycle angular-quickstart@1.0.0~prestart: Failed to exec prestart script
12 verbose stack Error: angular-quickstart@1.0.0 prestart: `npm run build`
12 verbose stack Exit status 1
12 verbose stack     at EventEmitter.<anonymous> (/home/timothee/.nvm/versions/node/v5.0.0/lib/node_modules/npm/lib/utils/lifecycle.js:233:16)
12 verbose stack     at emitTwo (events.js:87:13)
12 verbose stack     at EventEmitter.emit (events.js:172:7)
12 verbose stack     at ChildProcess.<anonymous> (/home/timothee/.nvm/versions/node/v5.0.0/lib/node_modules/npm/lib/utils/spawn.js:24:14)
12 verbose stack     at emitTwo (events.js:87:13)
12 verbose stack     at ChildProcess.emit (events.js:172:7)
12 verbose stack     at maybeClose (internal/child_process.js:818:16)
12 verbose stack     at Process.ChildProcess._handle.onexit (internal/child_process.js:211:5)
13 verbose pkgid angular-quickstart@1.0.0
14 verbose cwd /home/timothee/COURS3TC/S2/WEB/Projet/INSAndwich-front-end/app/src
15 error Linux 3.13.0-37-generic
16 error argv "/home/timothee/.nvm/versions/node/v5.0.0/bin/node" "/home/timothee/.nvm/versions/node/v5.0.0/bin/npm" "start"
17 error node v5.0.0
18 error npm  v3.3.6
19 error code ELIFECYCLE
20 error angular-quickstart@1.0.0 prestart: `npm run build`
20 error Exit status 1
21 error Failed at the angular-quickstart@1.0.0 prestart script 'npm run build'.
21 error This is most likely a problem with the angular-quickstart package,
21 error not with npm itself.
21 error Tell the author that this fails on your system:
21 error     npm run build
21 error You can get their info via:
21 error     npm owner ls angular-quickstart
21 error There is likely additional logging output above.
22 verbose exit [ 1, true ]
